Using pre-set license
Built from '2021.3/staging' branch; Version is '2021.3.16f1 (4016570cf34f) revision 4200023'; Using compiler version '192829333'; Build Type 'Release'
OS: 'Windows 10  (10.0.19045) 64bit Education' Language: 'en' Physical Memory: 16333 MB
BatchMode: 1, IsHumanControllingUs: 0, StartBugReporterOnCrash: 0, Is64bit: 1, IsPro: 1

COMMAND LINE ARGUMENTS:
C:\Program Files\Unity 2021.3.16f1\Editor\Unity.exe
-adb2
-batchMode
-noUpm
-name
AssetImportWorker0
-projectPath
C:/Users/Ken Luu/Desktop/CPS643-VR/CPS643_Project
-logFile
Logs/AssetImportWorker0.log
-srvPort
60389
Successfully changed project path to: C:/Users/Ken Luu/Desktop/CPS643-VR/CPS643_Project
C:/Users/Ken Luu/Desktop/CPS643-VR/CPS643_Project
[UnityMemory] Configuration Parameters - Can be set up in boot.config
    "memorysetup-bucket-allocator-granularity=16"
    "memorysetup-bucket-allocator-bucket-count=8"
    "memorysetup-bucket-allocator-block-size=33554432"
    "memorysetup-bucket-allocator-block-count=8"
    "memorysetup-main-allocator-block-size=16777216"
    "memorysetup-thread-allocator-block-size=16777216"
    "memorysetup-gfx-main-allocator-block-size=16777216"
    "memorysetup-gfx-thread-allocator-block-size=16777216"
    "memorysetup-cache-allocator-block-size=4194304"
    "memorysetup-typetree-allocator-block-size=2097152"
    "memorysetup-profiler-bucket-allocator-granularity=16"
    "memorysetup-profiler-bucket-allocator-bucket-count=8"
    "memorysetup-profiler-bucket-allocator-block-size=33554432"
    "memorysetup-profiler-bucket-allocator-block-count=8"
    "memorysetup-profiler-allocator-block-size=16777216"
    "memorysetup-profiler-editor-allocator-block-size=1048576"
    "memorysetup-temp-allocator-size-main=16777216"
    "memorysetup-job-temp-allocator-block-size=2097152"
    "memorysetup-job-temp-allocator-block-size-background=1048576"
    "memorysetup-job-temp-allocator-reduction-small-platforms=262144"
    "memorysetup-temp-allocator-size-background-worker=32768"
    "memorysetup-temp-allocator-size-job-worker=262144"
    "memorysetup-temp-allocator-size-preload-manager=33554432"
    "memorysetup-temp-allocator-size-nav-mesh-worker=65536"
    "memorysetup-temp-allocator-size-audio-worker=65536"
    "memorysetup-temp-allocator-size-cloud-worker=32768"
    "memorysetup-temp-allocator-size-gi-baking-worker=262144"
    "memorysetup-temp-allocator-size-gfx=262144"
Player connection [22520] Host "[IP] 192.168.2.22 [Port] 0 [Flags] 2 [Guid] 2204781815 [EditorId] 2204781815 [Version] 1048832 [Id] WindowsEditor(7,DESKTOP-PVHHURK) [Debug] 1 [PackageName] WindowsEditor [ProjectName] Editor" joined multi-casting on [225.0.0.222:54997]...

Player connection [22520] Host "[IP] 192.168.2.22 [Port] 0 [Flags] 2 [Guid] 2204781815 [EditorId] 2204781815 [Version] 1048832 [Id] WindowsEditor(7,DESKTOP-PVHHURK) [Debug] 1 [PackageName] WindowsEditor [ProjectName] Editor" joined alternative multi-casting on [225.0.0.222:34997]...

Refreshing native plugins compatible for Editor in 108.83 ms, found 6 plugins.
Preloading 0 native plugins for Editor in 0.00 ms.
Initialize engine version: 2021.3.16f1 (4016570cf34f)
[Subsystems] Discovering subsystems at path C:/Program Files/Unity 2021.3.16f1/Editor/Data/Resources/UnitySubsystems
[Subsystems] Discovering subsystems at path C:/Users/Ken Luu/Desktop/CPS643-VR/CPS643_Project/Assets
GfxDevice: creating device client; threaded=0; jobified=0
Direct3D:
    Version:  Direct3D 11.0 [level 11.1]
    Renderer: NVIDIA GeForce RTX 2060 (ID=0x1e89)
    Vendor:   NVIDIA
    VRAM:     5968 MB
    Driver:   31.0.15.1694
Initialize mono
Mono path[0] = 'C:/Program Files/Unity 2021.3.16f1/Editor/Data/Managed'
Mono path[1] = 'C:/Program Files/Unity 2021.3.16f1/Editor/Data/MonoBleedingEdge/lib/mono/unityjit-win32'
Mono config path = 'C:/Program Files/Unity 2021.3.16f1/Editor/Data/MonoBleedingEdge/etc'
Using monoOptions --debugger-agent=transport=dt_socket,embedding=1,server=y,suspend=n,address=127.0.0.1:56648
Begin MonoManager ReloadAssembly
Registering precompiled unity dll's ...
Register platform support module: C:/Program Files/Unity 2021.3.16f1/Editor/Data/PlaybackEngines/WindowsStandaloneSupport/UnityEditor.WindowsStandalone.Extensions.dll
Registered in 0.005887 seconds.
Native extension for WindowsStandalone target not found
Refreshing native plugins compatible for Editor in 118.47 ms, found 6 plugins.
Preloading 0 native plugins for Editor in 0.00 ms.
Mono: successfully reloaded assembly
- Completed reload, in  0.713 seconds
Domain Reload Profiling:
	ReloadAssembly (714ms)
		BeginReloadAssembly (80ms)
			ExecutionOrderSort (0ms)
			DisableScriptedObjects (0ms)
			BackupInstance (0ms)
			ReleaseScriptingObjects (0ms)
			CreateAndSetChildDomain (1ms)
		EndReloadAssembly (521ms)
			LoadAssemblies (77ms)
			RebuildTransferFunctionScriptingTraits (0ms)
			SetupTypeCache (109ms)
			ReleaseScriptCaches (0ms)
			RebuildScriptCaches (33ms)
			SetupLoadedEditorAssemblies (328ms)
				LogAssemblyErrors (0ms)
				InitializePlatformSupportModulesInManaged (8ms)
				SetLoadedEditorAssemblies (0ms)
				RefreshPlugins (119ms)
				BeforeProcessingInitializeOnLoad (1ms)
				ProcessInitializeOnLoadAttributes (150ms)
				ProcessInitializeOnLoadMethodAttributes (49ms)
				AfterProcessingInitializeOnLoad (0ms)
				EditorAssembliesLoaded (0ms)
			ExecutionOrderSort2 (0ms)
			AwakeInstancesAfterBackupRestoration (0ms)
Platform modules already initialized, skipping
Registering precompiled user dll's ...
Registered in 0.008253 seconds.
Begin MonoManager ReloadAssembly
Symbol file LoadedFromMemory doesn't match image C:\Users\Ken Luu\Desktop\CPS643-VR\CPS643_Project\Library\PackageCache\com.unity.visualscripting@1.7.8\Editor\VisualScripting.Core\Dependencies\YamlDotNet\Unity.VisualScripting.YamlDotNet.dll
Symbol file LoadedFromMemory doesn't match image C:\Users\Ken Luu\Desktop\CPS643-VR\CPS643_Project\Library\PackageCache\com.unity.visualscripting@1.7.8\Editor\VisualScripting.Core\Dependencies\DotNetZip\Unity.VisualScripting.IonicZip.dll
Native extension for WindowsStandalone target not found
Refreshing native plugins compatible for Editor in 0.78 ms, found 6 plugins.
Preloading 0 native plugins for Editor in 0.00 ms.
Package Manager log level set to [2]
Mono: successfully reloaded assembly
- Completed reload, in  1.276 seconds
Domain Reload Profiling:
	ReloadAssembly (1277ms)
		BeginReloadAssembly (143ms)
			ExecutionOrderSort (0ms)
			DisableScriptedObjects (7ms)
			BackupInstance (0ms)
			ReleaseScriptingObjects (0ms)
			CreateAndSetChildDomain (28ms)
		EndReloadAssembly (975ms)
			LoadAssemblies (113ms)
			RebuildTransferFunctionScriptingTraits (0ms)
			SetupTypeCache (345ms)
			ReleaseScriptCaches (1ms)
			RebuildScriptCaches (69ms)
			SetupLoadedEditorAssemblies (412ms)
				LogAssemblyErrors (0ms)
				InitializePlatformSupportModulesInManaged (5ms)
				SetLoadedEditorAssemblies (0ms)
				RefreshPlugins (1ms)
				BeforeProcessingInitializeOnLoad (114ms)
				ProcessInitializeOnLoadAttributes (261ms)
				ProcessInitializeOnLoadMethodAttributes (24ms)
				AfterProcessingInitializeOnLoad (7ms)
				EditorAssembliesLoaded (0ms)
			ExecutionOrderSort2 (0ms)
			AwakeInstancesAfterBackupRestoration (6ms)
Platform modules already initialized, skipping
========================================================================
Worker process is ready to serve import requests
Launched and connected shader compiler UnityShaderCompiler.exe after 0.04 seconds
Refreshing native plugins compatible for Editor in 0.91 ms, found 6 plugins.
Preloading 0 native plugins for Editor in 0.00 ms.
Unloading 3708 Unused Serialized files (Serialized files now loaded: 0)
Unloading 30 unused Assets / (113.7 KB). Loaded Objects now: 4173.
Memory consumption went from 132.5 MB to 132.4 MB.
Total: 2.878600 ms (FindLiveObjects: 0.305700 ms CreateObjectMapping: 0.087600 ms MarkObjects: 2.386800 ms  DeleteObjects: 0.097600 ms)

AssetImportParameters requested are different than current active one (requested -> active):
  custom:video-decoder-ogg-theora: a1e56fd34408186e4bbccfd4996cb3dc -> 
  custom:container-muxer-webm: aa71ff27fc2769a1b78a27578f13a17b -> 
  custom:container-demuxer-webm: 4f35f7cbe854078d1ac9338744f61a02 -> 
  custom:video-encoder-webm-vp8: eb34c28f22e8b96e1ab97ce403110664 -> 
  custom:audio-encoder-webm-vorbis: bf7c407c2cedff20999df2af8eb42d56 -> 
  custom:framework-win-MediaFoundation: 216162199b28c13a410421893ffa2e32 -> 
  custom:container-demuxer-ogg: 62fdf1f143b41e24485cea50d1cbac27 -> 
  custom:video-decoder-webm-vp8: 9c59270c3fd7afecdb556c50c9e8de78 -> 
  custom:audio-decoder-ogg-vorbis: bf7c407c2cedff20999df2af8eb42d56 -> 
========================================================================
Received Import Request.
  Time since last request: 350458.850611 seconds.
  path: Assets/XR/XRGeneralSettings.asset
  artifactKey: Guid(1adfcb633835d114d94f8cfec473ecf3) Importer(815301076,1909f56bfc062723c751e8b465ee728b)
Start importing Assets/XR/XRGeneralSettings.asset using Guid(1adfcb633835d114d94f8cfec473ecf3) Importer(815301076,1909f56bfc062723c751e8b465ee728b)  -> (artifact id: '8535219bcaa9dae1438858cbcca36326') in 0.075839 seconds 
========================================================================
Received Import Request.
  Time since last request: 158.912344 seconds.
  path: Assets/Scripts/WeaponController.cs
  artifactKey: Guid(2e0ab04bcd259f64796e2f5dcb54ed73) Importer(815301076,1909f56bfc062723c751e8b465ee728b)
Start importing Assets/Scripts/WeaponController.cs using Guid(2e0ab04bcd259f64796e2f5dcb54ed73) Importer(815301076,1909f56bfc062723c751e8b465ee728b)  -> (artifact id: '5cc3eec07e7cabc2cec67bc1074dbd18') in 0.015953 seconds 
========================================================================
Received Import Request.
  Time since last request: 0.282507 seconds.
  path: Assets/Scripts/HandController.cs
  artifactKey: Guid(a0dedaf2aeba81740a05862742f13574) Importer(815301076,1909f56bfc062723c751e8b465ee728b)
Start importing Assets/Scripts/HandController.cs using Guid(a0dedaf2aeba81740a05862742f13574) Importer(815301076,1909f56bfc062723c751e8b465ee728b)  -> (artifact id: '53b6a49247d6f1d215e3a9c32ed170e7') in 0.007068 seconds 
========================================================================
Received Import Request.
  Time since last request: 0.307714 seconds.
  path: Assets/Scripts/GunController.cs
  artifactKey: Guid(1f8eb7b962081b64eba877c034e843b0) Importer(815301076,1909f56bfc062723c751e8b465ee728b)
Start importing Assets/Scripts/GunController.cs using Guid(1f8eb7b962081b64eba877c034e843b0) Importer(815301076,1909f56bfc062723c751e8b465ee728b)  -> (artifact id: '3c550fb7dc3ac1aa752634f777c4986d') in 0.006071 seconds 
========================================================================
Received Import Request.
  Time since last request: 0.261812 seconds.
  path: Assets/Scripts/FlyingEnemyController.cs
  artifactKey: Guid(8542dc183abb7d642976d19f65b21c99) Importer(815301076,1909f56bfc062723c751e8b465ee728b)
Start importing Assets/Scripts/FlyingEnemyController.cs using Guid(8542dc183abb7d642976d19f65b21c99) Importer(815301076,1909f56bfc062723c751e8b465ee728b)  -> (artifact id: '310adbc0a3d5a7fd13368e25c04fef29') in 0.007225 seconds 
========================================================================
Received Import Request.
  Time since last request: 0.457935 seconds.
  path: Assets/Scripts/GroundEnemyController.cs
  artifactKey: Guid(ef0a4c18fae50b040831734c690995a2) Importer(815301076,1909f56bfc062723c751e8b465ee728b)
Start importing Assets/Scripts/GroundEnemyController.cs using Guid(ef0a4c18fae50b040831734c690995a2) Importer(815301076,1909f56bfc062723c751e8b465ee728b)  -> (artifact id: 'c6405778f3983c08dd63a973d807b1cf') in 0.007399 seconds 
========================================================================
Received Import Request.
  Time since last request: 1.389290 seconds.
  path: Assets/Scripts/EnemyController.cs
  artifactKey: Guid(b2cbae0003bcea54fb9aa28d9526d76a) Importer(815301076,1909f56bfc062723c751e8b465ee728b)
Start importing Assets/Scripts/EnemyController.cs using Guid(b2cbae0003bcea54fb9aa28d9526d76a) Importer(815301076,1909f56bfc062723c751e8b465ee728b)  -> (artifact id: '60d73d2f3e8e5716e242586ad5e67971') in 0.006438 seconds 
========================================================================
Received Import Request.
  Time since last request: 260.041907 seconds.
  path: Assets/NavMeshComponents
  artifactKey: Guid(ff5c549dd8821c040a42d77badc17980) Importer(815301076,1909f56bfc062723c751e8b465ee728b)
Start importing Assets/NavMeshComponents using Guid(ff5c549dd8821c040a42d77badc17980) Importer(815301076,1909f56bfc062723c751e8b465ee728b)  -> (artifact id: '5462d23abb3f9ff3dcc7be8738ced99d') in 0.125843 seconds 
========================================================================
Received Import Request.
  Time since last request: 1.022137 seconds.
  path: Assets/MediumMechStriker
  artifactKey: Guid(2a73d627dd57fa248a54407b7a00a870) Importer(815301076,1909f56bfc062723c751e8b465ee728b)
Start importing Assets/MediumMechStriker using Guid(2a73d627dd57fa248a54407b7a00a870) Importer(815301076,1909f56bfc062723c751e8b465ee728b)  -> (artifact id: '5664587675ec655ec556747ba3cfe1b1') in 0.007411 seconds 
========================================================================
Received Import Request.
  Time since last request: 7.413943 seconds.
  path: Assets/NavMeshComponents/Scripts
  artifactKey: Guid(ce67aa87f613246dda63a54a59c6399e) Importer(815301076,1909f56bfc062723c751e8b465ee728b)
Start importing Assets/NavMeshComponents/Scripts using Guid(ce67aa87f613246dda63a54a59c6399e) Importer(815301076,1909f56bfc062723c751e8b465ee728b)  -> (artifact id: 'de0fdda29463ee865be1c26321d77182') in 0.006788 seconds 
========================================================================
Received Import Request.
  Time since last request: 0.064966 seconds.
  path: Assets/NavMeshComponents/Scripts/NavMeshComponents.asmdef
  artifactKey: Guid(8c4dd21966739024fbd72155091d199e) Importer(815301076,1909f56bfc062723c751e8b465ee728b)
Start importing Assets/NavMeshComponents/Scripts/NavMeshComponents.asmdef using Guid(8c4dd21966739024fbd72155091d199e) Importer(815301076,1909f56bfc062723c751e8b465ee728b)  -> (artifact id: '99ac29cd28740126adb9d0ec13522b69') in 0.003295 seconds 
========================================================================
Received Import Request.
  Time since last request: 3.859040 seconds.
  path: Assets/Autarca
  artifactKey: Guid(58132489f54c15b40b94d6f8dec95163) Importer(815301076,1909f56bfc062723c751e8b465ee728b)
Start importing Assets/Autarca using Guid(58132489f54c15b40b94d6f8dec95163) Importer(815301076,1909f56bfc062723c751e8b465ee728b)  -> (artifact id: 'e9fcd1205be0d7a6ef9d66fd3c5ebb95') in 0.006492 seconds 
========================================================================
Received Import Request.
  Time since last request: 0.577530 seconds.
  path: Assets/Autarca/AlienShipsPack
  artifactKey: Guid(d5a0ef8384fdb254a8e7a3bbc20bbfe5) Importer(815301076,1909f56bfc062723c751e8b465ee728b)
Start importing Assets/Autarca/AlienShipsPack using Guid(d5a0ef8384fdb254a8e7a3bbc20bbfe5) Importer(815301076,1909f56bfc062723c751e8b465ee728b)  -> (artifact id: '9956dcf92f0ad2ab0e623d8aedb75d23') in 0.006161 seconds 
========================================================================
Received Prepare
Registering precompiled user dll's ...
Registered in 0.009324 seconds.
Begin MonoManager ReloadAssembly
Symbol file LoadedFromMemory doesn't match image C:\Users\Ken Luu\Desktop\CPS643-VR\CPS643_Project\Library\PackageCache\com.unity.visualscripting@1.7.8\Editor\VisualScripting.Core\Dependencies\YamlDotNet\Unity.VisualScripting.YamlDotNet.dll
Symbol file LoadedFromMemory doesn't match image C:\Users\Ken Luu\Desktop\CPS643-VR\CPS643_Project\Library\PackageCache\com.unity.visualscripting@1.7.8\Editor\VisualScripting.Core\Dependencies\DotNetZip\Unity.VisualScripting.IonicZip.dll
Native extension for WindowsStandalone target not found
Refreshing native plugins compatible for Editor in 1.07 ms, found 6 plugins.
Preloading 0 native plugins for Editor in 0.00 ms.
Mono: successfully reloaded assembly
- Completed reload, in  1.097 seconds
Domain Reload Profiling:
	ReloadAssembly (1098ms)
		BeginReloadAssembly (142ms)
			ExecutionOrderSort (0ms)
			DisableScriptedObjects (4ms)
			BackupInstance (0ms)
			ReleaseScriptingObjects (0ms)
			CreateAndSetChildDomain (39ms)
		EndReloadAssembly (846ms)
			LoadAssemblies (96ms)
			RebuildTransferFunctionScriptingTraits (0ms)
			SetupTypeCache (302ms)
			ReleaseScriptCaches (2ms)
			RebuildScriptCaches (44ms)
			SetupLoadedEditorAssemblies (361ms)
				LogAssemblyErrors (0ms)
				InitializePlatformSupportModulesInManaged (13ms)
				SetLoadedEditorAssemblies (0ms)
				RefreshPlugins (1ms)
				BeforeProcessingInitializeOnLoad (81ms)
				ProcessInitializeOnLoadAttributes (231ms)
				ProcessInitializeOnLoadMethodAttributes (24ms)
				AfterProcessingInitializeOnLoad (10ms)
				EditorAssembliesLoaded (0ms)
			ExecutionOrderSort2 (0ms)
			AwakeInstancesAfterBackupRestoration (6ms)
Platform modules already initialized, skipping
Refreshing native plugins compatible for Editor in 2.66 ms, found 6 plugins.
Preloading 0 native plugins for Editor in 0.00 ms.
Unloading 3683 Unused Serialized files (Serialized files now loaded: 0)
Unloading 22 unused Assets / (80.2 KB). Loaded Objects now: 4178.
Memory consumption went from 131.1 MB to 131.0 MB.
Total: 3.497100 ms (FindLiveObjects: 0.728000 ms CreateObjectMapping: 0.100000 ms MarkObjects: 2.565900 ms  DeleteObjects: 0.102000 ms)

AssetImportParameters requested are different than current active one (requested -> active):
  custom:video-decoder-ogg-theora: a1e56fd34408186e4bbccfd4996cb3dc -> 
  custom:container-muxer-webm: aa71ff27fc2769a1b78a27578f13a17b -> 
  custom:container-demuxer-webm: 4f35f7cbe854078d1ac9338744f61a02 -> 
  custom:video-encoder-webm-vp8: eb34c28f22e8b96e1ab97ce403110664 -> 
  custom:audio-encoder-webm-vorbis: bf7c407c2cedff20999df2af8eb42d56 -> 
  custom:framework-win-MediaFoundation: 216162199b28c13a410421893ffa2e32 -> 
  custom:container-demuxer-ogg: 62fdf1f143b41e24485cea50d1cbac27 -> 
  custom:video-decoder-webm-vp8: 9c59270c3fd7afecdb556c50c9e8de78 -> 
  custom:audio-decoder-ogg-vorbis: bf7c407c2cedff20999df2af8eb42d56 -> 
