Using pre-set license
Built from '2021.3/evg/staging/82bb020e-b03b1330/draft-0' branch; Version is '2021.3.16f1 (4016570cf34f) revision 4200023'; Using compiler version '192829333'; Build Type 'Release'
OS: 'Windows 10  (10.0.19044) 64bit Education' Language: 'en' Physical Memory: 16311 MB
BatchMode: 1, IsHumanControllingUs: 0, StartBugReporterOnCrash: 0, Is64bit: 1, IsPro: 1

COMMAND LINE ARGUMENTS:
C:\Program Files\Unity\Hub\Editor\2021.3.16f1\Editor\Unity.exe
-adb2
-batchMode
-noUpm
-name
AssetImportWorker7
-projectPath
C:/Users/Danny/Documents/CPS643_Project
-logFile
Logs/AssetImportWorker7.log
-srvPort
61926
Successfully changed project path to: C:/Users/Danny/Documents/CPS643_Project
C:/Users/Danny/Documents/CPS643_Project
[UnityMemory] Configuration Parameters - Can be set up in boot.config
    "memorysetup-bucket-allocator-granularity=16"
    "memorysetup-bucket-allocator-bucket-count=8"
    "memorysetup-bucket-allocator-block-size=33554432"
    "memorysetup-bucket-allocator-block-count=8"
    "memorysetup-main-allocator-block-size=16777216"
    "memorysetup-thread-allocator-block-size=16777216"
    "memorysetup-gfx-main-allocator-block-size=16777216"
    "memorysetup-gfx-thread-allocator-block-size=16777216"
    "memorysetup-cache-allocator-block-size=4194304"
    "memorysetup-typetree-allocator-block-size=2097152"
    "memorysetup-profiler-bucket-allocator-granularity=16"
    "memorysetup-profiler-bucket-allocator-bucket-count=8"
    "memorysetup-profiler-bucket-allocator-block-size=33554432"
    "memorysetup-profiler-bucket-allocator-block-count=8"
    "memorysetup-profiler-allocator-block-size=16777216"
    "memorysetup-profiler-editor-allocator-block-size=1048576"
    "memorysetup-temp-allocator-size-main=16777216"
    "memorysetup-job-temp-allocator-block-size=2097152"
    "memorysetup-job-temp-allocator-block-size-background=1048576"
    "memorysetup-job-temp-allocator-reduction-small-platforms=262144"
    "memorysetup-temp-allocator-size-background-worker=32768"
    "memorysetup-temp-allocator-size-job-worker=262144"
    "memorysetup-temp-allocator-size-preload-manager=33554432"
    "memorysetup-temp-allocator-size-nav-mesh-worker=65536"
    "memorysetup-temp-allocator-size-audio-worker=65536"
    "memorysetup-temp-allocator-size-cloud-worker=32768"
    "memorysetup-temp-allocator-size-gi-baking-worker=262144"
    "memorysetup-temp-allocator-size-gfx=262144"
Player connection [34228] Host "[IP] 10.0.0.215 [Port] 0 [Flags] 2 [Guid] 233709555 [EditorId] 233709555 [Version] 1048832 [Id] WindowsEditor(7,DESKTOP-E5DTTTE) [Debug] 1 [PackageName] WindowsEditor [ProjectName] Editor" joined multi-casting on [225.0.0.222:54997]...

Player connection [34228] Host "[IP] 10.0.0.215 [Port] 0 [Flags] 2 [Guid] 233709555 [EditorId] 233709555 [Version] 1048832 [Id] WindowsEditor(7,DESKTOP-E5DTTTE) [Debug] 1 [PackageName] WindowsEditor [ProjectName] Editor" joined alternative multi-casting on [225.0.0.222:34997]...

Refreshing native plugins compatible for Editor in 81.90 ms, found 6 plugins.
Preloading 0 native plugins for Editor in 0.00 ms.
Initialize engine version: 2021.3.16f1 (4016570cf34f)
[Subsystems] Discovering subsystems at path C:/Program Files/Unity/Hub/Editor/2021.3.16f1/Editor/Data/Resources/UnitySubsystems
[Subsystems] Discovering subsystems at path C:/Users/Danny/Documents/CPS643_Project/Assets
GfxDevice: creating device client; threaded=0; jobified=0
Direct3D:
    Version:  Direct3D 11.0 [level 11.1]
    Renderer: NVIDIA GeForce RTX 3060 Ti (ID=0x2486)
    Vendor:   NVIDIA
    VRAM:     8038 MB
    Driver:   31.0.15.3118
Initialize mono
Mono path[0] = 'C:/Program Files/Unity/Hub/Editor/2021.3.16f1/Editor/Data/Managed'
Mono path[1] = 'C:/Program Files/Unity/Hub/Editor/2021.3.16f1/Editor/Data/MonoBleedingEdge/lib/mono/unityjit-win32'
Mono config path = 'C:/Program Files/Unity/Hub/Editor/2021.3.16f1/Editor/Data/MonoBleedingEdge/etc'
Using monoOptions --debugger-agent=transport=dt_socket,embedding=1,server=y,suspend=n,address=127.0.0.1:56188
Begin MonoManager ReloadAssembly
Registering precompiled unity dll's ...
Register platform support module: C:/Program Files/Unity/Hub/Editor/2021.3.16f1/Editor/Data/PlaybackEngines/WindowsStandaloneSupport/UnityEditor.WindowsStandalone.Extensions.dll
Registered in 0.006303 seconds.
Native extension for WindowsStandalone target not found
Refreshing native plugins compatible for Editor in 87.65 ms, found 6 plugins.
Preloading 0 native plugins for Editor in 0.00 ms.
Mono: successfully reloaded assembly
- Completed reload, in  0.623 seconds
Domain Reload Profiling:
	ReloadAssembly (624ms)
		BeginReloadAssembly (65ms)
			ExecutionOrderSort (0ms)
			DisableScriptedObjects (0ms)
			BackupInstance (0ms)
			ReleaseScriptingObjects (0ms)
			CreateAndSetChildDomain (1ms)
		EndReloadAssembly (454ms)
			LoadAssemblies (63ms)
			RebuildTransferFunctionScriptingTraits (0ms)
			SetupTypeCache (92ms)
			ReleaseScriptCaches (0ms)
			RebuildScriptCaches (27ms)
			SetupLoadedEditorAssemblies (288ms)
				LogAssemblyErrors (0ms)
				InitializePlatformSupportModulesInManaged (8ms)
				SetLoadedEditorAssemblies (0ms)
				RefreshPlugins (88ms)
				BeforeProcessingInitializeOnLoad (1ms)
				ProcessInitializeOnLoadAttributes (143ms)
				ProcessInitializeOnLoadMethodAttributes (48ms)
				AfterProcessingInitializeOnLoad (0ms)
				EditorAssembliesLoaded (0ms)
			ExecutionOrderSort2 (0ms)
			AwakeInstancesAfterBackupRestoration (0ms)
Platform modules already initialized, skipping
Registering precompiled user dll's ...
Registered in 0.007396 seconds.
Begin MonoManager ReloadAssembly
Symbol file LoadedFromMemory doesn't match image C:\Users\Danny\Documents\CPS643_Project\Library\PackageCache\com.unity.visualscripting@1.7.8\Editor\VisualScripting.Core\Dependencies\YamlDotNet\Unity.VisualScripting.YamlDotNet.dll
Symbol file LoadedFromMemory doesn't match image C:\Users\Danny\Documents\CPS643_Project\Library\PackageCache\com.unity.visualscripting@1.7.8\Editor\VisualScripting.Core\Dependencies\DotNetZip\Unity.VisualScripting.IonicZip.dll
Native extension for WindowsStandalone target not found
Refreshing native plugins compatible for Editor in 0.88 ms, found 6 plugins.
Preloading 0 native plugins for Editor in 0.00 ms.
Package Manager log level set to [2]
Mono: successfully reloaded assembly
- Completed reload, in  0.994 seconds
Domain Reload Profiling:
	ReloadAssembly (994ms)
		BeginReloadAssembly (100ms)
			ExecutionOrderSort (0ms)
			DisableScriptedObjects (5ms)
			BackupInstance (0ms)
			ReleaseScriptingObjects (0ms)
			CreateAndSetChildDomain (18ms)
		EndReloadAssembly (784ms)
			LoadAssemblies (78ms)
			RebuildTransferFunctionScriptingTraits (0ms)
			SetupTypeCache (257ms)
			ReleaseScriptCaches (1ms)
			RebuildScriptCaches (50ms)
			SetupLoadedEditorAssemblies (362ms)
				LogAssemblyErrors (0ms)
				InitializePlatformSupportModulesInManaged (5ms)
				SetLoadedEditorAssemblies (0ms)
				RefreshPlugins (1ms)
				BeforeProcessingInitializeOnLoad (89ms)
				ProcessInitializeOnLoadAttributes (236ms)
				ProcessInitializeOnLoadMethodAttributes (22ms)
				AfterProcessingInitializeOnLoad (7ms)
				EditorAssembliesLoaded (0ms)
			ExecutionOrderSort2 (0ms)
			AwakeInstancesAfterBackupRestoration (5ms)
Platform modules already initialized, skipping
========================================================================
Worker process is ready to serve import requests
Launched and connected shader compiler UnityShaderCompiler.exe after 0.05 seconds
Refreshing native plugins compatible for Editor in 0.91 ms, found 6 plugins.
Preloading 0 native plugins for Editor in 0.00 ms.
Unloading 3706 Unused Serialized files (Serialized files now loaded: 0)
Unloading 28 unused Assets / (56.8 KB). Loaded Objects now: 4171.
Memory consumption went from 132.3 MB to 132.2 MB.
Total: 2.985800 ms (FindLiveObjects: 0.312200 ms CreateObjectMapping: 0.106300 ms MarkObjects: 2.479200 ms  DeleteObjects: 0.087300 ms)

AssetImportParameters requested are different than current active one (requested -> active):
  custom:video-decoder-ogg-theora: a1e56fd34408186e4bbccfd4996cb3dc -> 
  custom:container-muxer-webm: aa71ff27fc2769a1b78a27578f13a17b -> 
  custom:container-demuxer-webm: 4f35f7cbe854078d1ac9338744f61a02 -> 
  custom:video-encoder-webm-vp8: eb34c28f22e8b96e1ab97ce403110664 -> 
  custom:audio-encoder-webm-vorbis: bf7c407c2cedff20999df2af8eb42d56 -> 
  custom:framework-win-MediaFoundation: 216162199b28c13a410421893ffa2e32 -> 
  custom:container-demuxer-ogg: 62fdf1f143b41e24485cea50d1cbac27 -> 
  custom:video-decoder-webm-vp8: 9c59270c3fd7afecdb556c50c9e8de78 -> 
  custom:audio-decoder-ogg-vorbis: bf7c407c2cedff20999df2af8eb42d56 -> 
========================================================================
Received Import Request.
  Time since last request: 9503.236209 seconds.
  path: Assets/External/MediumMechStriker/Textures/ScifiMechAmmunition/ScifiMechAmmunitionAO.png
  artifactKey: Guid(daa9412cb2d0b784aaf39b428075081b) Importer(815301076,1909f56bfc062723c751e8b465ee728b)
Start importing Assets/External/MediumMechStriker/Textures/ScifiMechAmmunition/ScifiMechAmmunitionAO.png using Guid(daa9412cb2d0b784aaf39b428075081b) Importer(815301076,1909f56bfc062723c751e8b465ee728b)  -> (artifact id: 'bccef28edaa7192cd69424906e8623a2') in 0.112941 seconds 
========================================================================
Received Import Request.
  Time since last request: 9.470698 seconds.
  path: Assets/External/MediumMechStriker/Textures/ScifiMechPresentation/ScifiMechPresentationAO.png
  artifactKey: Guid(a82798c113d1d76448d5e78ad677a154) Importer(815301076,1909f56bfc062723c751e8b465ee728b)
Start importing Assets/External/MediumMechStriker/Textures/ScifiMechPresentation/ScifiMechPresentationAO.png using Guid(a82798c113d1d76448d5e78ad677a154) Importer(815301076,1909f56bfc062723c751e8b465ee728b)  -> (artifact id: 'e612fb964a97be9d3dcc5210397e603d') in 0.050864 seconds 
========================================================================
Received Import Request.
  Time since last request: 0.000045 seconds.
  path: Assets/External/MediumMechStriker/Textures/ScifiMechPresentation/ScifiMechPresentationNormal.png
  artifactKey: Guid(0b85d1191adbef348aec967d66ab52cc) Importer(815301076,1909f56bfc062723c751e8b465ee728b)
Start importing Assets/External/MediumMechStriker/Textures/ScifiMechPresentation/ScifiMechPresentationNormal.png using Guid(0b85d1191adbef348aec967d66ab52cc) Importer(815301076,1909f56bfc062723c751e8b465ee728b)  -> (artifact id: '8b6a99297ca256d16161f0e9f1bb473c') in 0.071821 seconds 
========================================================================
Received Import Request.
  Time since last request: 59.764531 seconds.
  path: Assets/External/MediumMechStriker/Textures/MediumMechStriker/MediumMechStrikerNormal.png
  artifactKey: Guid(a2b2dd89b00ed924b95e2380c755a86e) Importer(815301076,1909f56bfc062723c751e8b465ee728b)
Start importing Assets/External/MediumMechStriker/Textures/MediumMechStriker/MediumMechStrikerNormal.png using Guid(a2b2dd89b00ed924b95e2380c755a86e) Importer(815301076,1909f56bfc062723c751e8b465ee728b)  -> (artifact id: '92c72c0b04a17945ad4b3f64e646a114') in 0.044778 seconds 
========================================================================
Received Import Request.
  Time since last request: 62.623465 seconds.
  path: Assets/External/MediumMechStriker/Textures/ScifiMechStandardWeapons/ScifiMechWeaponsAlbedoAO.png
  artifactKey: Guid(38e664f99d815c34d81bef2f820ac642) Importer(815301076,1909f56bfc062723c751e8b465ee728b)
Start importing Assets/External/MediumMechStriker/Textures/ScifiMechStandardWeapons/ScifiMechWeaponsAlbedoAO.png using Guid(38e664f99d815c34d81bef2f820ac642) Importer(815301076,1909f56bfc062723c751e8b465ee728b)  -> (artifact id: '19df3b0582eb39bf6b97055cd4c90dff') in 0.031059 seconds 
========================================================================
Received Import Request.
  Time since last request: 0.000032 seconds.
  path: Assets/External/MediumMechStriker/Textures/ScifiMechStandardWeapons/ScifiMechWeaponsAO.png
  artifactKey: Guid(73fa898ee558c0b469477fa12be7d184) Importer(815301076,1909f56bfc062723c751e8b465ee728b)
Start importing Assets/External/MediumMechStriker/Textures/ScifiMechStandardWeapons/ScifiMechWeaponsAO.png using Guid(73fa898ee558c0b469477fa12be7d184) Importer(815301076,1909f56bfc062723c751e8b465ee728b)  -> (artifact id: 'd73a9e56dfb9d1f5c04a374526e7f915') in 0.018879 seconds 
========================================================================
Received Import Request.
  Time since last request: 0.000028 seconds.
  path: Assets/External/MediumMechStriker/Textures/ScifiMechStandardWeapons/ScifiMechWeaponsPBRMetalness.tga
  artifactKey: Guid(c7027832d8772f64da1268f961e3f19c) Importer(815301076,1909f56bfc062723c751e8b465ee728b)
Start importing Assets/External/MediumMechStriker/Textures/ScifiMechStandardWeapons/ScifiMechWeaponsPBRMetalness.tga using Guid(c7027832d8772f64da1268f961e3f19c) Importer(815301076,1909f56bfc062723c751e8b465ee728b)  -> (artifact id: 'fcafddeb8e6ad0bac28ee13a6d95a274') in 0.020662 seconds 
========================================================================
Received Import Request.
  Time since last request: 17.319731 seconds.
  path: Assets/External/MediumMechStriker/FBX/MediumMechStriker/MediumMechStrikerDestroyedArmRight.fbx
  artifactKey: Guid(01152d4da5a35a5458bbffe6bd211805) Importer(815301076,1909f56bfc062723c751e8b465ee728b)
Start importing Assets/External/MediumMechStriker/FBX/MediumMechStriker/MediumMechStrikerDestroyedArmRight.fbx using Guid(01152d4da5a35a5458bbffe6bd211805) Importer(815301076,1909f56bfc062723c751e8b465ee728b)  -> (artifact id: '514e563187270a2d2594f04a1e68bf57') in 0.348036 seconds 
========================================================================
Received Import Request.
  Time since last request: 0.000037 seconds.
  path: Assets/External/MediumMechStriker/FBX/MediumMechStriker/ScifiMechDestroyedJoint.fbx
  artifactKey: Guid(493dab119d07ddd44b3b59dc3dff4889) Importer(815301076,1909f56bfc062723c751e8b465ee728b)
Start importing Assets/External/MediumMechStriker/FBX/MediumMechStriker/ScifiMechDestroyedJoint.fbx using Guid(493dab119d07ddd44b3b59dc3dff4889) Importer(815301076,1909f56bfc062723c751e8b465ee728b)  -> (artifact id: '64de60fb59d731aeb7174aba343f31aa') in 0.053983 seconds 
========================================================================
Received Import Request.
  Time since last request: 35.657693 seconds.
  path: Assets/External/MediumMechStriker/Prefabs/MediumMechStriker/Black/MediumMechStrikerDestroyedArmRightBlack.prefab
  artifactKey: Guid(ceb033428954d30429ec822d8c0a3f5c) Importer(815301076,1909f56bfc062723c751e8b465ee728b)
Start importing Assets/External/MediumMechStriker/Prefabs/MediumMechStriker/Black/MediumMechStrikerDestroyedArmRightBlack.prefab using Guid(ceb033428954d30429ec822d8c0a3f5c) Importer(815301076,1909f56bfc062723c751e8b465ee728b)  -> (artifact id: 'ebf9f29ea58c5790a572ba2c3cdaa938') in 0.065301 seconds 
========================================================================
Received Import Request.
  Time since last request: 0.000046 seconds.
  path: Assets/External/MediumMechStriker/Prefabs/MediumMechStriker/Black/MediumMechStrikerHandLeftBlack.prefab
  artifactKey: Guid(286ea53cb079c8f48ba22ed34d1cbff2) Importer(815301076,1909f56bfc062723c751e8b465ee728b)
Start importing Assets/External/MediumMechStriker/Prefabs/MediumMechStriker/Black/MediumMechStrikerHandLeftBlack.prefab using Guid(286ea53cb079c8f48ba22ed34d1cbff2) Importer(815301076,1909f56bfc062723c751e8b465ee728b)  -> (artifact id: '8a22643845a82fe5941e9e1a7a6e1d8c') in 0.050332 seconds 
Editor requested this worker to shutdown with reason: Scaling down because of idle timeout
AssetImportWorker is now disconnected from the server
Process exiting
Exiting without the bug reporter. Application will terminate with return code 0