Using pre-set license
Built from '2021.3/staging' branch; Version is '2021.3.16f1 (4016570cf34f) revision 4200023'; Using compiler version '192829333'; Build Type 'Release'
OS: 'Windows 10  (10.0.19045) 64bit Education' Language: 'en' Physical Memory: 16333 MB
BatchMode: 1, IsHumanControllingUs: 0, StartBugReporterOnCrash: 0, Is64bit: 1, IsPro: 1

COMMAND LINE ARGUMENTS:
C:\Program Files\Unity 2021.3.16f1\Editor\Unity.exe
-adb2
-batchMode
-noUpm
-name
AssetImportWorker3
-projectPath
C:/Users/Ken Luu/Desktop/CPS643-VR/CPS643_Project
-logFile
Logs/AssetImportWorker3.log
-srvPort
54753
Successfully changed project path to: C:/Users/Ken Luu/Desktop/CPS643-VR/CPS643_Project
C:/Users/Ken Luu/Desktop/CPS643-VR/CPS643_Project
[UnityMemory] Configuration Parameters - Can be set up in boot.config
    "memorysetup-bucket-allocator-granularity=16"
    "memorysetup-bucket-allocator-bucket-count=8"
    "memorysetup-bucket-allocator-block-size=33554432"
    "memorysetup-bucket-allocator-block-count=8"
    "memorysetup-main-allocator-block-size=16777216"
    "memorysetup-thread-allocator-block-size=16777216"
    "memorysetup-gfx-main-allocator-block-size=16777216"
    "memorysetup-gfx-thread-allocator-block-size=16777216"
    "memorysetup-cache-allocator-block-size=4194304"
    "memorysetup-typetree-allocator-block-size=2097152"
    "memorysetup-profiler-bucket-allocator-granularity=16"
    "memorysetup-profiler-bucket-allocator-bucket-count=8"
    "memorysetup-profiler-bucket-allocator-block-size=33554432"
    "memorysetup-profiler-bucket-allocator-block-count=8"
    "memorysetup-profiler-allocator-block-size=16777216"
    "memorysetup-profiler-editor-allocator-block-size=1048576"
    "memorysetup-temp-allocator-size-main=16777216"
    "memorysetup-job-temp-allocator-block-size=2097152"
    "memorysetup-job-temp-allocator-block-size-background=1048576"
    "memorysetup-job-temp-allocator-reduction-small-platforms=262144"
    "memorysetup-temp-allocator-size-background-worker=32768"
    "memorysetup-temp-allocator-size-job-worker=262144"
    "memorysetup-temp-allocator-size-preload-manager=33554432"
    "memorysetup-temp-allocator-size-nav-mesh-worker=65536"
    "memorysetup-temp-allocator-size-audio-worker=65536"
    "memorysetup-temp-allocator-size-cloud-worker=32768"
    "memorysetup-temp-allocator-size-gi-baking-worker=262144"
    "memorysetup-temp-allocator-size-gfx=262144"
Player connection [22564] Host "[IP] 192.168.2.22 [Port] 0 [Flags] 2 [Guid] 419291782 [EditorId] 419291782 [Version] 1048832 [Id] WindowsEditor(7,DESKTOP-PVHHURK) [Debug] 1 [PackageName] WindowsEditor [ProjectName] Editor" joined multi-casting on [225.0.0.222:54997]...

Player connection [22564] Host "[IP] 192.168.2.22 [Port] 0 [Flags] 2 [Guid] 419291782 [EditorId] 419291782 [Version] 1048832 [Id] WindowsEditor(7,DESKTOP-PVHHURK) [Debug] 1 [PackageName] WindowsEditor [ProjectName] Editor" joined alternative multi-casting on [225.0.0.222:34997]...

Refreshing native plugins compatible for Editor in 138.23 ms, found 6 plugins.
Preloading 0 native plugins for Editor in 0.00 ms.
Initialize engine version: 2021.3.16f1 (4016570cf34f)
[Subsystems] Discovering subsystems at path C:/Program Files/Unity 2021.3.16f1/Editor/Data/Resources/UnitySubsystems
[Subsystems] Discovering subsystems at path C:/Users/Ken Luu/Desktop/CPS643-VR/CPS643_Project/Assets
GfxDevice: creating device client; threaded=0; jobified=0
Direct3D:
    Version:  Direct3D 11.0 [level 11.1]
    Renderer: NVIDIA GeForce RTX 2060 (ID=0x1e89)
    Vendor:   NVIDIA
    VRAM:     5968 MB
    Driver:   31.0.15.1694
Initialize mono
Mono path[0] = 'C:/Program Files/Unity 2021.3.16f1/Editor/Data/Managed'
Mono path[1] = 'C:/Program Files/Unity 2021.3.16f1/Editor/Data/MonoBleedingEdge/lib/mono/unityjit-win32'
Mono config path = 'C:/Program Files/Unity 2021.3.16f1/Editor/Data/MonoBleedingEdge/etc'
Using monoOptions --debugger-agent=transport=dt_socket,embedding=1,server=y,suspend=n,address=127.0.0.1:56064
Begin MonoManager ReloadAssembly
Registering precompiled unity dll's ...
Register platform support module: C:/Program Files/Unity 2021.3.16f1/Editor/Data/PlaybackEngines/WindowsStandaloneSupport/UnityEditor.WindowsStandalone.Extensions.dll
Registered in 0.005447 seconds.
Native extension for WindowsStandalone target not found
Refreshing native plugins compatible for Editor in 127.53 ms, found 6 plugins.
Preloading 0 native plugins for Editor in 0.00 ms.
Mono: successfully reloaded assembly
- Completed reload, in  0.824 seconds
Domain Reload Profiling:
	ReloadAssembly (825ms)
		BeginReloadAssembly (87ms)
			ExecutionOrderSort (0ms)
			DisableScriptedObjects (0ms)
			BackupInstance (0ms)
			ReleaseScriptingObjects (0ms)
			CreateAndSetChildDomain (1ms)
		EndReloadAssembly (607ms)
			LoadAssemblies (85ms)
			RebuildTransferFunctionScriptingTraits (0ms)
			SetupTypeCache (135ms)
			ReleaseScriptCaches (0ms)
			RebuildScriptCaches (32ms)
			SetupLoadedEditorAssemblies (382ms)
				LogAssemblyErrors (0ms)
				InitializePlatformSupportModulesInManaged (8ms)
				SetLoadedEditorAssemblies (0ms)
				RefreshPlugins (128ms)
				BeforeProcessingInitializeOnLoad (2ms)
				ProcessInitializeOnLoadAttributes (184ms)
				ProcessInitializeOnLoadMethodAttributes (60ms)
				AfterProcessingInitializeOnLoad (0ms)
				EditorAssembliesLoaded (0ms)
			ExecutionOrderSort2 (0ms)
			AwakeInstancesAfterBackupRestoration (0ms)
Platform modules already initialized, skipping
Registering precompiled user dll's ...
Registered in 0.009554 seconds.
Begin MonoManager ReloadAssembly
Symbol file LoadedFromMemory doesn't match image C:\Users\Ken Luu\Desktop\CPS643-VR\CPS643_Project\Library\PackageCache\com.unity.visualscripting@1.7.8\Editor\VisualScripting.Core\Dependencies\YamlDotNet\Unity.VisualScripting.YamlDotNet.dll
Symbol file LoadedFromMemory doesn't match image C:\Users\Ken Luu\Desktop\CPS643-VR\CPS643_Project\Library\PackageCache\com.unity.visualscripting@1.7.8\Editor\VisualScripting.Core\Dependencies\DotNetZip\Unity.VisualScripting.IonicZip.dll
Native extension for WindowsStandalone target not found
Refreshing native plugins compatible for Editor in 1.69 ms, found 6 plugins.
Preloading 0 native plugins for Editor in 0.00 ms.
Package Manager log level set to [2]
Mono: successfully reloaded assembly
- Completed reload, in  1.188 seconds
Domain Reload Profiling:
	ReloadAssembly (1189ms)
		BeginReloadAssembly (119ms)
			ExecutionOrderSort (0ms)
			DisableScriptedObjects (7ms)
			BackupInstance (0ms)
			ReleaseScriptingObjects (0ms)
			CreateAndSetChildDomain (21ms)
		EndReloadAssembly (945ms)
			LoadAssemblies (90ms)
			RebuildTransferFunctionScriptingTraits (0ms)
			SetupTypeCache (296ms)
			ReleaseScriptCaches (1ms)
			RebuildScriptCaches (61ms)
			SetupLoadedEditorAssemblies (448ms)
				LogAssemblyErrors (0ms)
				InitializePlatformSupportModulesInManaged (6ms)
				SetLoadedEditorAssemblies (3ms)
				RefreshPlugins (2ms)
				BeforeProcessingInitializeOnLoad (115ms)
				ProcessInitializeOnLoadAttributes (287ms)
				ProcessInitializeOnLoadMethodAttributes (27ms)
				AfterProcessingInitializeOnLoad (8ms)
				EditorAssembliesLoaded (0ms)
			ExecutionOrderSort2 (0ms)
			AwakeInstancesAfterBackupRestoration (6ms)
Platform modules already initialized, skipping
========================================================================
Worker process is ready to serve import requests
Launched and connected shader compiler UnityShaderCompiler.exe after 0.05 seconds
Refreshing native plugins compatible for Editor in 1.10 ms, found 6 plugins.
Preloading 0 native plugins for Editor in 0.00 ms.
Unloading 3711 Unused Serialized files (Serialized files now loaded: 0)
Unloading 30 unused Assets / (113.6 KB). Loaded Objects now: 4176.
Memory consumption went from 132.7 MB to 132.6 MB.
Total: 3.154600 ms (FindLiveObjects: 0.294300 ms CreateObjectMapping: 0.099100 ms MarkObjects: 2.600100 ms  DeleteObjects: 0.159900 ms)

AssetImportParameters requested are different than current active one (requested -> active):
  custom:video-decoder-ogg-theora: a1e56fd34408186e4bbccfd4996cb3dc -> 
  custom:container-muxer-webm: aa71ff27fc2769a1b78a27578f13a17b -> 
  custom:container-demuxer-webm: 4f35f7cbe854078d1ac9338744f61a02 -> 
  custom:video-encoder-webm-vp8: eb34c28f22e8b96e1ab97ce403110664 -> 
  custom:audio-encoder-webm-vorbis: bf7c407c2cedff20999df2af8eb42d56 -> 
  custom:framework-win-MediaFoundation: 216162199b28c13a410421893ffa2e32 -> 
  custom:container-demuxer-ogg: 62fdf1f143b41e24485cea50d1cbac27 -> 
  custom:video-decoder-webm-vp8: 9c59270c3fd7afecdb556c50c9e8de78 -> 
  custom:audio-decoder-ogg-vorbis: bf7c407c2cedff20999df2af8eb42d56 -> 
========================================================================
Received Import Request.
  Time since last request: 7406.720332 seconds.
  path: Assets/UnityTechnologies/Adam Character Pack/Art/softbox_01.tif
  artifactKey: Guid(c7d231977ce5ec54dbf553b70d592679) Importer(815301076,1909f56bfc062723c751e8b465ee728b)
Start importing Assets/UnityTechnologies/Adam Character Pack/Art/softbox_01.tif using Guid(c7d231977ce5ec54dbf553b70d592679) Importer(815301076,1909f56bfc062723c751e8b465ee728b)  -> (artifact id: '3f38b1db69732e5f489050e6324358b2') in 0.081898 seconds 
========================================================================
Received Import Request.
  Time since last request: 3.453628 seconds.
  path: Assets/UnityTechnologies/Adam Character Pack/Guard/Rifle.FBX
  artifactKey: Guid(931ae83003f522b4cb5d8a3ad9b941a3) Importer(815301076,1909f56bfc062723c751e8b465ee728b)
Start importing Assets/UnityTechnologies/Adam Character Pack/Guard/Rifle.FBX using Guid(931ae83003f522b4cb5d8a3ad9b941a3) Importer(815301076,1909f56bfc062723c751e8b465ee728b)  -> (artifact id: '7ba125c604735a83797df7b77e3e6533') in 0.253587 seconds 
========================================================================
Received Import Request.
  Time since last request: 13.633451 seconds.
  path: Assets/UnityTechnologies/Adam Character Pack/Guard/Spear/Spear/spear_NM.tif
  artifactKey: Guid(70649b96b0b690243b11fa8e55ccf153) Importer(815301076,1909f56bfc062723c751e8b465ee728b)
Start importing Assets/UnityTechnologies/Adam Character Pack/Guard/Spear/Spear/spear_NM.tif using Guid(70649b96b0b690243b11fa8e55ccf153) Importer(815301076,1909f56bfc062723c751e8b465ee728b)  -> (artifact id: 'ab05bd017130e377423ef4eb10b19cc7') in 0.040264 seconds 
========================================================================
Received Import Request.
  Time since last request: 20.134503 seconds.
  path: Assets/UnityTechnologies/Adam Character Pack/Art/Materials/Frame.mat
  artifactKey: Guid(23515659875581d40955ee57aa604292) Importer(815301076,1909f56bfc062723c751e8b465ee728b)
Start importing Assets/UnityTechnologies/Adam Character Pack/Art/Materials/Frame.mat using Guid(23515659875581d40955ee57aa604292) Importer(815301076,1909f56bfc062723c751e8b465ee728b)  -> (artifact id: '3e6649b4311a2811f76df5d65fec26f7') in 0.097012 seconds 
========================================================================
Received Prepare
Registering precompiled user dll's ...
Registered in 0.007862 seconds.
Begin MonoManager ReloadAssembly
Symbol file LoadedFromMemory doesn't match image C:\Users\Ken Luu\Desktop\CPS643-VR\CPS643_Project\Library\PackageCache\com.unity.visualscripting@1.7.8\Editor\VisualScripting.Core\Dependencies\YamlDotNet\Unity.VisualScripting.YamlDotNet.dll
Symbol file LoadedFromMemory doesn't match image C:\Users\Ken Luu\Desktop\CPS643-VR\CPS643_Project\Library\PackageCache\com.unity.visualscripting@1.7.8\Editor\VisualScripting.Core\Dependencies\DotNetZip\Unity.VisualScripting.IonicZip.dll
Native extension for WindowsStandalone target not found
Refreshing native plugins compatible for Editor in 1.33 ms, found 6 plugins.
Preloading 0 native plugins for Editor in 0.00 ms.
Mono: successfully reloaded assembly
- Completed reload, in  1.200 seconds
Domain Reload Profiling:
	ReloadAssembly (1200ms)
		BeginReloadAssembly (159ms)
			ExecutionOrderSort (0ms)
			DisableScriptedObjects (4ms)
			BackupInstance (0ms)
			ReleaseScriptingObjects (0ms)
			CreateAndSetChildDomain (41ms)
		EndReloadAssembly (905ms)
			LoadAssemblies (116ms)
			RebuildTransferFunctionScriptingTraits (0ms)
			SetupTypeCache (329ms)
			ReleaseScriptCaches (1ms)
			RebuildScriptCaches (47ms)
			SetupLoadedEditorAssemblies (373ms)
				LogAssemblyErrors (0ms)
				InitializePlatformSupportModulesInManaged (16ms)
				SetLoadedEditorAssemblies (1ms)
				RefreshPlugins (1ms)
				BeforeProcessingInitializeOnLoad (82ms)
				ProcessInitializeOnLoadAttributes (236ms)
				ProcessInitializeOnLoadMethodAttributes (26ms)
				AfterProcessingInitializeOnLoad (11ms)
				EditorAssembliesLoaded (0ms)
			ExecutionOrderSort2 (0ms)
			AwakeInstancesAfterBackupRestoration (9ms)
Platform modules already initialized, skipping
Refreshing native plugins compatible for Editor in 2.93 ms, found 6 plugins.
Preloading 0 native plugins for Editor in 0.00 ms.
Unloading 3686 Unused Serialized files (Serialized files now loaded: 0)
Unloading 22 unused Assets / (80.3 KB). Loaded Objects now: 4228.
Memory consumption went from 136.1 MB to 136.0 MB.
Total: 3.918000 ms (FindLiveObjects: 0.444800 ms CreateObjectMapping: 0.130900 ms MarkObjects: 3.241900 ms  DeleteObjects: 0.099600 ms)

AssetImportParameters requested are different than current active one (requested -> active):
  custom:video-decoder-ogg-theora: a1e56fd34408186e4bbccfd4996cb3dc -> 
  custom:container-muxer-webm: aa71ff27fc2769a1b78a27578f13a17b -> 
  custom:container-demuxer-webm: 4f35f7cbe854078d1ac9338744f61a02 -> 
  custom:video-encoder-webm-vp8: eb34c28f22e8b96e1ab97ce403110664 -> 
  custom:audio-encoder-webm-vorbis: bf7c407c2cedff20999df2af8eb42d56 -> 
  custom:framework-win-MediaFoundation: 216162199b28c13a410421893ffa2e32 -> 
  custom:container-demuxer-ogg: 62fdf1f143b41e24485cea50d1cbac27 -> 
  custom:video-decoder-webm-vp8: 9c59270c3fd7afecdb556c50c9e8de78 -> 
  custom:audio-decoder-ogg-vorbis: bf7c407c2cedff20999df2af8eb42d56 -> 
========================================================================
Received Import Request.
  Time since last request: 18.005033 seconds.
  path: Assets/UnityTechnologies/Adam Character Pack/Adam/Adam_Walk.FBX
  artifactKey: Guid(abff1e609cb74354792d4d21e84c0eaa) Importer(815301076,1909f56bfc062723c751e8b465ee728b)
Start importing Assets/UnityTechnologies/Adam Character Pack/Adam/Adam_Walk.FBX using Guid(abff1e609cb74354792d4d21e84c0eaa) Importer(815301076,1909f56bfc062723c751e8b465ee728b)  -> (artifact id: 'cdb0d4995c8174d018086ae710209222') in 0.633504 seconds 
========================================================================
Received Import Request.
  Time since last request: 41.594351 seconds.
  path: Assets/UnityTechnologies/Adam Character Pack/Adam/Materials/09 - Default.mat
  artifactKey: Guid(fc915a16e8c39f44c9cb435e1180b9cf) Importer(815301076,1909f56bfc062723c751e8b465ee728b)
Start importing Assets/UnityTechnologies/Adam Character Pack/Adam/Materials/09 - Default.mat using Guid(fc915a16e8c39f44c9cb435e1180b9cf) Importer(815301076,1909f56bfc062723c751e8b465ee728b)  -> (artifact id: '6b729fc398e5d167111804413a36ba6c') in 0.029032 seconds 
========================================================================
Received Import Request.
  Time since last request: 0.000024 seconds.
  path: Assets/UnityTechnologies/Adam Character Pack/Adam/Materials/Adam_Torso_metal.mat
  artifactKey: Guid(e10fef699645e904ca433c0ee0db622e) Importer(815301076,1909f56bfc062723c751e8b465ee728b)
Start importing Assets/UnityTechnologies/Adam Character Pack/Adam/Materials/Adam_Torso_metal.mat using Guid(e10fef699645e904ca433c0ee0db622e) Importer(815301076,1909f56bfc062723c751e8b465ee728b)  -> (artifact id: 'fb4a9b59a14ce45a291241b3c6e498cf') in 0.072857 seconds 
========================================================================
Received Import Request.
  Time since last request: 0.000047 seconds.
  path: Assets/UnityTechnologies/Adam Character Pack/Adam/Materials/Adam_fingers_bloody.mat
  artifactKey: Guid(87321e598c927d547a19cee26b113d06) Importer(815301076,1909f56bfc062723c751e8b465ee728b)
Start importing Assets/UnityTechnologies/Adam Character Pack/Adam/Materials/Adam_fingers_bloody.mat using Guid(87321e598c927d547a19cee26b113d06) Importer(815301076,1909f56bfc062723c751e8b465ee728b)  -> (artifact id: '9b2a5251aa3ecdff83071f60978ffe63') in 0.047919 seconds 
========================================================================
Received Import Request.
  Time since last request: 0.000028 seconds.
  path: Assets/UnityTechnologies/Adam Character Pack/Adam/Materials/Adam_Mask_metal.mat
  artifactKey: Guid(d7e030a772ae4b742b3aef0b953bdfbb) Importer(815301076,1909f56bfc062723c751e8b465ee728b)
Start importing Assets/UnityTechnologies/Adam Character Pack/Adam/Materials/Adam_Mask_metal.mat using Guid(d7e030a772ae4b742b3aef0b953bdfbb) Importer(815301076,1909f56bfc062723c751e8b465ee728b)  -> (artifact id: '180e79b4afbb3a289ae12bbd45262d4b') in 0.016954 seconds 
========================================================================
Received Import Request.
  Time since last request: 0.000037 seconds.
  path: Assets/UnityTechnologies/Adam Character Pack/Adam/Materials/Adam_headbracket_smeared.mat
  artifactKey: Guid(fa9c29d8e0034d443a7a890c98f0d07f) Importer(815301076,1909f56bfc062723c751e8b465ee728b)
Start importing Assets/UnityTechnologies/Adam Character Pack/Adam/Materials/Adam_headbracket_smeared.mat using Guid(fa9c29d8e0034d443a7a890c98f0d07f) Importer(815301076,1909f56bfc062723c751e8b465ee728b)  -> (artifact id: 'f98c2c12797b1603e6b8287ebea403ed') in 0.033691 seconds 
========================================================================
Received Import Request.
  Time since last request: 0.000038 seconds.
  path: Assets/UnityTechnologies/Adam Character Pack/Adam/Materials/Eye_Sclera.mat
  artifactKey: Guid(fa8548b2df7013842a954bf7983922e0) Importer(815301076,1909f56bfc062723c751e8b465ee728b)
Start importing Assets/UnityTechnologies/Adam Character Pack/Adam/Materials/Eye_Sclera.mat using Guid(fa8548b2df7013842a954bf7983922e0) Importer(815301076,1909f56bfc062723c751e8b465ee728b)  -> (artifact id: '66a27cc987d4472c388f482c7de18af3') in 0.020984 seconds 
========================================================================
Received Import Request.
  Time since last request: 0.000038 seconds.
  path: Assets/UnityTechnologies/Adam Character Pack/Adam/Materials/Adam_head_metal.mat
  artifactKey: Guid(be8c2ba600474ea43bb7a56334cc9810) Importer(815301076,1909f56bfc062723c751e8b465ee728b)
Start importing Assets/UnityTechnologies/Adam Character Pack/Adam/Materials/Adam_head_metal.mat using Guid(be8c2ba600474ea43bb7a56334cc9810) Importer(815301076,1909f56bfc062723c751e8b465ee728b)  -> (artifact id: '70d46a2b63ebb3d0ddde549f84313381') in 0.070352 seconds 
========================================================================
Received Import Request.
  Time since last request: 0.000023 seconds.
  path: Assets/UnityTechnologies/Adam Character Pack/Adam/Materials/Adam_Arms_plastic.mat
  artifactKey: Guid(a8bea89b2f705cc46925cd7427a523e6) Importer(815301076,1909f56bfc062723c751e8b465ee728b)
Start importing Assets/UnityTechnologies/Adam Character Pack/Adam/Materials/Adam_Arms_plastic.mat using Guid(a8bea89b2f705cc46925cd7427a523e6) Importer(815301076,1909f56bfc062723c751e8b465ee728b)  -> (artifact id: '75bc4f1bc5735583708681d000979d7f') in 0.097012 seconds 
========================================================================
Received Import Request.
  Time since last request: 0.000039 seconds.
  path: Assets/UnityTechnologies/Adam Character Pack/Adam/Materials/Adam_mask.mat
  artifactKey: Guid(baea4cd9e9e3bd84db9a58fdc5ec9ab9) Importer(815301076,1909f56bfc062723c751e8b465ee728b)
Start importing Assets/UnityTechnologies/Adam Character Pack/Adam/Materials/Adam_mask.mat using Guid(baea4cd9e9e3bd84db9a58fdc5ec9ab9) Importer(815301076,1909f56bfc062723c751e8b465ee728b)  -> (artifact id: 'cd0934026fd147c583148782d7fee3c6') in 0.036899 seconds 
========================================================================
Received Import Request.
  Time since last request: 0.000034 seconds.
  path: Assets/UnityTechnologies/Adam Character Pack/Adam/Materials/Adam_Legs_metal.mat
  artifactKey: Guid(3f8dc43440d71734daeee13d5b4e8031) Importer(815301076,1909f56bfc062723c751e8b465ee728b)
Start importing Assets/UnityTechnologies/Adam Character Pack/Adam/Materials/Adam_Legs_metal.mat using Guid(3f8dc43440d71734daeee13d5b4e8031) Importer(815301076,1909f56bfc062723c751e8b465ee728b)  -> (artifact id: '81952fbf0f21d9dcbc0720d982c851c7') in 0.068829 seconds 
========================================================================
Received Import Request.
  Time since last request: 0.000055 seconds.
  path: Assets/UnityTechnologies/Adam Character Pack/Adam/Materials/Adam_BloodyHeadBracket.mat
  artifactKey: Guid(736397f389895c54eaf246789ce67369) Importer(815301076,1909f56bfc062723c751e8b465ee728b)
Start importing Assets/UnityTechnologies/Adam Character Pack/Adam/Materials/Adam_BloodyHeadBracket.mat using Guid(736397f389895c54eaf246789ce67369) Importer(815301076,1909f56bfc062723c751e8b465ee728b)  -> (artifact id: '7ba6870ae01036f7ac9241aaab0257e0') in 0.023029 seconds 
========================================================================
Received Import Request.
  Time since last request: 0.000021 seconds.
  path: Assets/UnityTechnologies/Adam Character Pack/Adam/Materials/Crowd_LOD1_0.mat
  artifactKey: Guid(2f42f66b42356fe4ba3effae8aa89051) Importer(815301076,1909f56bfc062723c751e8b465ee728b)
Start importing Assets/UnityTechnologies/Adam Character Pack/Adam/Materials/Crowd_LOD1_0.mat using Guid(2f42f66b42356fe4ba3effae8aa89051) Importer(815301076,1909f56bfc062723c751e8b465ee728b)  -> (artifact id: '35af36bee2e6c9f7f09df9ddeceba2b8') in 0.022075 seconds 
========================================================================
Received Import Request.
  Time since last request: 0.000024 seconds.
  path: Assets/UnityTechnologies/Adam Character Pack/Adam/Materials/15 - Default.mat
  artifactKey: Guid(c4a1a724d4f406545875e3d2282e9685) Importer(815301076,1909f56bfc062723c751e8b465ee728b)
Start importing Assets/UnityTechnologies/Adam Character Pack/Adam/Materials/15 - Default.mat using Guid(c4a1a724d4f406545875e3d2282e9685) Importer(815301076,1909f56bfc062723c751e8b465ee728b)  -> (artifact id: 'e857fb4c7f79c15cc3f989c7f9635886') in 0.017505 seconds 
========================================================================
Received Import Request.
  Time since last request: 0.000019 seconds.
  path: Assets/UnityTechnologies/Adam Character Pack/Adam/Materials/Crowd_LOD0_1.mat
  artifactKey: Guid(fce628fa8cd4b4045b339a3018cb0726) Importer(815301076,1909f56bfc062723c751e8b465ee728b)
Start importing Assets/UnityTechnologies/Adam Character Pack/Adam/Materials/Crowd_LOD0_1.mat using Guid(fce628fa8cd4b4045b339a3018cb0726) Importer(815301076,1909f56bfc062723c751e8b465ee728b)  -> (artifact id: 'eec787a9755463437dd8fc2656ef6c34') in 0.025463 seconds 
========================================================================
Received Import Request.
  Time since last request: 0.000058 seconds.
  path: Assets/UnityTechnologies/Adam Character Pack/Adam/Materials/15 - Default 1.mat
  artifactKey: Guid(75b4ddecf6936c94eb37334941759112) Importer(815301076,1909f56bfc062723c751e8b465ee728b)
Start importing Assets/UnityTechnologies/Adam Character Pack/Adam/Materials/15 - Default 1.mat using Guid(75b4ddecf6936c94eb37334941759112) Importer(815301076,1909f56bfc062723c751e8b465ee728b)  -> (artifact id: '6be89ca241dd8db3ff25f8aa88c6fc9c') in 0.019592 seconds 
========================================================================
Received Import Request.
  Time since last request: 0.000042 seconds.
  path: Assets/UnityTechnologies/Adam Character Pack/Adam/Materials/Eye_metal.mat
  artifactKey: Guid(52f83866494c37a4c937a420f6526f97) Importer(815301076,1909f56bfc062723c751e8b465ee728b)
Start importing Assets/UnityTechnologies/Adam Character Pack/Adam/Materials/Eye_metal.mat using Guid(52f83866494c37a4c937a420f6526f97) Importer(815301076,1909f56bfc062723c751e8b465ee728b)  -> (artifact id: 'b31c1dbfb40e0c78e4fa79337a3e9178') in 0.023516 seconds 
========================================================================
Received Import Request.
  Time since last request: 0.000046 seconds.
  path: Assets/UnityTechnologies/Adam Character Pack/Adam/Materials/Adam_Mask_metal_smashed.mat
  artifactKey: Guid(b3897ebd8023fee4185a7be6906ef68e) Importer(815301076,1909f56bfc062723c751e8b465ee728b)
Start importing Assets/UnityTechnologies/Adam Character Pack/Adam/Materials/Adam_Mask_metal_smashed.mat using Guid(b3897ebd8023fee4185a7be6906ef68e) Importer(815301076,1909f56bfc062723c751e8b465ee728b)  -> (artifact id: '7d234ac8cf011619676494bac6ee8d87') in 0.022573 seconds 
========================================================================
Received Prepare
Registering precompiled user dll's ...
Registered in 0.008084 seconds.
Begin MonoManager ReloadAssembly
Symbol file LoadedFromMemory doesn't match image C:\Users\Ken Luu\Desktop\CPS643-VR\CPS643_Project\Library\PackageCache\com.unity.visualscripting@1.7.8\Editor\VisualScripting.Core\Dependencies\YamlDotNet\Unity.VisualScripting.YamlDotNet.dll
Symbol file LoadedFromMemory doesn't match image C:\Users\Ken Luu\Desktop\CPS643-VR\CPS643_Project\Library\PackageCache\com.unity.visualscripting@1.7.8\Editor\VisualScripting.Core\Dependencies\DotNetZip\Unity.VisualScripting.IonicZip.dll
Native extension for WindowsStandalone target not found
Refreshing native plugins compatible for Editor in 1.16 ms, found 6 plugins.
Preloading 0 native plugins for Editor in 0.00 ms.
Mono: successfully reloaded assembly
- Completed reload, in  1.235 seconds
Domain Reload Profiling:
	ReloadAssembly (1235ms)
		BeginReloadAssembly (198ms)
			ExecutionOrderSort (0ms)
			DisableScriptedObjects (5ms)
			BackupInstance (0ms)
			ReleaseScriptingObjects (0ms)
			CreateAndSetChildDomain (58ms)
		EndReloadAssembly (919ms)
			LoadAssemblies (125ms)
			RebuildTransferFunctionScriptingTraits (0ms)
			SetupTypeCache (335ms)
			ReleaseScriptCaches (1ms)
			RebuildScriptCaches (45ms)
			SetupLoadedEditorAssemblies (387ms)
				LogAssemblyErrors (0ms)
				InitializePlatformSupportModulesInManaged (13ms)
				SetLoadedEditorAssemblies (0ms)
				RefreshPlugins (1ms)
				BeforeProcessingInitializeOnLoad (86ms)
				ProcessInitializeOnLoadAttributes (252ms)
				ProcessInitializeOnLoadMethodAttributes (25ms)
				AfterProcessingInitializeOnLoad (10ms)
				EditorAssembliesLoaded (0ms)
			ExecutionOrderSort2 (0ms)
			AwakeInstancesAfterBackupRestoration (8ms)
Platform modules already initialized, skipping
Refreshing native plugins compatible for Editor in 3.16 ms, found 6 plugins.
Preloading 0 native plugins for Editor in 0.00 ms.
Unloading 3685 Unused Serialized files (Serialized files now loaded: 0)
Unloading 23 unused Assets / (80.3 KB). Loaded Objects now: 4231.
Memory consumption went from 136.2 MB to 136.1 MB.
Total: 3.051900 ms (FindLiveObjects: 0.287800 ms CreateObjectMapping: 0.081700 ms MarkObjects: 2.592100 ms  DeleteObjects: 0.089500 ms)

AssetImportParameters requested are different than current active one (requested -> active):
  custom:video-decoder-ogg-theora: a1e56fd34408186e4bbccfd4996cb3dc -> 
  custom:container-muxer-webm: aa71ff27fc2769a1b78a27578f13a17b -> 
  custom:container-demuxer-webm: 4f35f7cbe854078d1ac9338744f61a02 -> 
  custom:video-encoder-webm-vp8: eb34c28f22e8b96e1ab97ce403110664 -> 
  custom:audio-encoder-webm-vorbis: bf7c407c2cedff20999df2af8eb42d56 -> 
  custom:framework-win-MediaFoundation: 216162199b28c13a410421893ffa2e32 -> 
  custom:container-demuxer-ogg: 62fdf1f143b41e24485cea50d1cbac27 -> 
  custom:video-decoder-webm-vp8: 9c59270c3fd7afecdb556c50c9e8de78 -> 
  custom:audio-decoder-ogg-vorbis: bf7c407c2cedff20999df2af8eb42d56 -> 
