Using pre-set license
Built from '2021.3/evg/staging/82bb020e-b03b1330/draft-0' branch; Version is '2021.3.16f1 (4016570cf34f) revision 4200023'; Using compiler version '192829333'; Build Type 'Release'
OS: 'Windows 10  (10.0.19044) 64bit Education' Language: 'en' Physical Memory: 16311 MB
BatchMode: 1, IsHumanControllingUs: 0, StartBugReporterOnCrash: 0, Is64bit: 1, IsPro: 1

COMMAND LINE ARGUMENTS:
C:\Program Files\Unity\Hub\Editor\2021.3.16f1\Editor\Unity.exe
-adb2
-batchMode
-noUpm
-name
AssetImportWorker2
-projectPath
C:/Users/Danny/Documents/CPS643_Project
-logFile
Logs/AssetImportWorker2.log
-srvPort
61926
Successfully changed project path to: C:/Users/Danny/Documents/CPS643_Project
C:/Users/Danny/Documents/CPS643_Project
[UnityMemory] Configuration Parameters - Can be set up in boot.config
    "memorysetup-bucket-allocator-granularity=16"
    "memorysetup-bucket-allocator-bucket-count=8"
    "memorysetup-bucket-allocator-block-size=33554432"
    "memorysetup-bucket-allocator-block-count=8"
    "memorysetup-main-allocator-block-size=16777216"
    "memorysetup-thread-allocator-block-size=16777216"
    "memorysetup-gfx-main-allocator-block-size=16777216"
    "memorysetup-gfx-thread-allocator-block-size=16777216"
    "memorysetup-cache-allocator-block-size=4194304"
    "memorysetup-typetree-allocator-block-size=2097152"
    "memorysetup-profiler-bucket-allocator-granularity=16"
    "memorysetup-profiler-bucket-allocator-bucket-count=8"
    "memorysetup-profiler-bucket-allocator-block-size=33554432"
    "memorysetup-profiler-bucket-allocator-block-count=8"
    "memorysetup-profiler-allocator-block-size=16777216"
    "memorysetup-profiler-editor-allocator-block-size=1048576"
    "memorysetup-temp-allocator-size-main=16777216"
    "memorysetup-job-temp-allocator-block-size=2097152"
    "memorysetup-job-temp-allocator-block-size-background=1048576"
    "memorysetup-job-temp-allocator-reduction-small-platforms=262144"
    "memorysetup-temp-allocator-size-background-worker=32768"
    "memorysetup-temp-allocator-size-job-worker=262144"
    "memorysetup-temp-allocator-size-preload-manager=33554432"
    "memorysetup-temp-allocator-size-nav-mesh-worker=65536"
    "memorysetup-temp-allocator-size-audio-worker=65536"
    "memorysetup-temp-allocator-size-cloud-worker=32768"
    "memorysetup-temp-allocator-size-gi-baking-worker=262144"
    "memorysetup-temp-allocator-size-gfx=262144"
Player connection [31612] Host "[IP] 10.0.0.215 [Port] 0 [Flags] 2 [Guid] 712720523 [EditorId] 712720523 [Version] 1048832 [Id] WindowsEditor(7,DESKTOP-E5DTTTE) [Debug] 1 [PackageName] WindowsEditor [ProjectName] Editor" joined multi-casting on [225.0.0.222:54997]...

Player connection [31612] Host "[IP] 10.0.0.215 [Port] 0 [Flags] 2 [Guid] 712720523 [EditorId] 712720523 [Version] 1048832 [Id] WindowsEditor(7,DESKTOP-E5DTTTE) [Debug] 1 [PackageName] WindowsEditor [ProjectName] Editor" joined alternative multi-casting on [225.0.0.222:34997]...

Refreshing native plugins compatible for Editor in 83.12 ms, found 6 plugins.
Preloading 0 native plugins for Editor in 0.00 ms.
Initialize engine version: 2021.3.16f1 (4016570cf34f)
[Subsystems] Discovering subsystems at path C:/Program Files/Unity/Hub/Editor/2021.3.16f1/Editor/Data/Resources/UnitySubsystems
[Subsystems] Discovering subsystems at path C:/Users/Danny/Documents/CPS643_Project/Assets
GfxDevice: creating device client; threaded=0; jobified=0
Direct3D:
    Version:  Direct3D 11.0 [level 11.1]
    Renderer: NVIDIA GeForce RTX 3060 Ti (ID=0x2486)
    Vendor:   NVIDIA
    VRAM:     8038 MB
    Driver:   31.0.15.3118
Initialize mono
Mono path[0] = 'C:/Program Files/Unity/Hub/Editor/2021.3.16f1/Editor/Data/Managed'
Mono path[1] = 'C:/Program Files/Unity/Hub/Editor/2021.3.16f1/Editor/Data/MonoBleedingEdge/lib/mono/unityjit-win32'
Mono config path = 'C:/Program Files/Unity/Hub/Editor/2021.3.16f1/Editor/Data/MonoBleedingEdge/etc'
Using monoOptions --debugger-agent=transport=dt_socket,embedding=1,server=y,suspend=n,address=127.0.0.1:56784
Begin MonoManager ReloadAssembly
Registering precompiled unity dll's ...
Register platform support module: C:/Program Files/Unity/Hub/Editor/2021.3.16f1/Editor/Data/PlaybackEngines/WindowsStandaloneSupport/UnityEditor.WindowsStandalone.Extensions.dll
Registered in 0.006429 seconds.
Native extension for WindowsStandalone target not found
Refreshing native plugins compatible for Editor in 79.31 ms, found 6 plugins.
Preloading 0 native plugins for Editor in 0.00 ms.
Mono: successfully reloaded assembly
- Completed reload, in  0.605 seconds
Domain Reload Profiling:
	ReloadAssembly (606ms)
		BeginReloadAssembly (73ms)
			ExecutionOrderSort (0ms)
			DisableScriptedObjects (0ms)
			BackupInstance (0ms)
			ReleaseScriptingObjects (0ms)
			CreateAndSetChildDomain (1ms)
		EndReloadAssembly (426ms)
			LoadAssemblies (71ms)
			RebuildTransferFunctionScriptingTraits (0ms)
			SetupTypeCache (92ms)
			ReleaseScriptCaches (0ms)
			RebuildScriptCaches (26ms)
			SetupLoadedEditorAssemblies (262ms)
				LogAssemblyErrors (0ms)
				InitializePlatformSupportModulesInManaged (7ms)
				SetLoadedEditorAssemblies (0ms)
				RefreshPlugins (79ms)
				BeforeProcessingInitializeOnLoad (1ms)
				ProcessInitializeOnLoadAttributes (132ms)
				ProcessInitializeOnLoadMethodAttributes (42ms)
				AfterProcessingInitializeOnLoad (0ms)
				EditorAssembliesLoaded (0ms)
			ExecutionOrderSort2 (0ms)
			AwakeInstancesAfterBackupRestoration (0ms)
Platform modules already initialized, skipping
Registering precompiled user dll's ...
Registered in 0.007049 seconds.
Begin MonoManager ReloadAssembly
Symbol file LoadedFromMemory doesn't match image C:\Users\Danny\Documents\CPS643_Project\Library\PackageCache\com.unity.visualscripting@1.7.8\Editor\VisualScripting.Core\Dependencies\YamlDotNet\Unity.VisualScripting.YamlDotNet.dll
Symbol file LoadedFromMemory doesn't match image C:\Users\Danny\Documents\CPS643_Project\Library\PackageCache\com.unity.visualscripting@1.7.8\Editor\VisualScripting.Core\Dependencies\DotNetZip\Unity.VisualScripting.IonicZip.dll
Native extension for WindowsStandalone target not found
Refreshing native plugins compatible for Editor in 0.78 ms, found 6 plugins.
Preloading 0 native plugins for Editor in 0.00 ms.
Package Manager log level set to [2]
Mono: successfully reloaded assembly
- Completed reload, in  1.017 seconds
Domain Reload Profiling:
	ReloadAssembly (1018ms)
		BeginReloadAssembly (115ms)
			ExecutionOrderSort (0ms)
			DisableScriptedObjects (5ms)
			BackupInstance (0ms)
			ReleaseScriptingObjects (0ms)
			CreateAndSetChildDomain (20ms)
		EndReloadAssembly (795ms)
			LoadAssemblies (85ms)
			RebuildTransferFunctionScriptingTraits (0ms)
			SetupTypeCache (262ms)
			ReleaseScriptCaches (1ms)
			RebuildScriptCaches (52ms)
			SetupLoadedEditorAssemblies (361ms)
				LogAssemblyErrors (0ms)
				InitializePlatformSupportModulesInManaged (5ms)
				SetLoadedEditorAssemblies (0ms)
				RefreshPlugins (1ms)
				BeforeProcessingInitializeOnLoad (89ms)
				ProcessInitializeOnLoadAttributes (236ms)
				ProcessInitializeOnLoadMethodAttributes (24ms)
				AfterProcessingInitializeOnLoad (7ms)
				EditorAssembliesLoaded (0ms)
			ExecutionOrderSort2 (0ms)
			AwakeInstancesAfterBackupRestoration (5ms)
Platform modules already initialized, skipping
========================================================================
Worker process is ready to serve import requests
Launched and connected shader compiler UnityShaderCompiler.exe after 0.05 seconds
Refreshing native plugins compatible for Editor in 0.81 ms, found 6 plugins.
Preloading 0 native plugins for Editor in 0.00 ms.
Unloading 3706 Unused Serialized files (Serialized files now loaded: 0)
Unloading 28 unused Assets / (56.3 KB). Loaded Objects now: 4169.
Memory consumption went from 132.2 MB to 132.1 MB.
Total: 2.915800 ms (FindLiveObjects: 0.304600 ms CreateObjectMapping: 0.106700 ms MarkObjects: 2.425800 ms  DeleteObjects: 0.077500 ms)

AssetImportParameters requested are different than current active one (requested -> active):
  custom:video-decoder-ogg-theora: a1e56fd34408186e4bbccfd4996cb3dc -> 
  custom:container-muxer-webm: aa71ff27fc2769a1b78a27578f13a17b -> 
  custom:container-demuxer-webm: 4f35f7cbe854078d1ac9338744f61a02 -> 
  custom:video-encoder-webm-vp8: eb34c28f22e8b96e1ab97ce403110664 -> 
  custom:audio-encoder-webm-vorbis: bf7c407c2cedff20999df2af8eb42d56 -> 
  custom:framework-win-MediaFoundation: 216162199b28c13a410421893ffa2e32 -> 
  custom:container-demuxer-ogg: 62fdf1f143b41e24485cea50d1cbac27 -> 
  custom:video-decoder-webm-vp8: 9c59270c3fd7afecdb556c50c9e8de78 -> 
  custom:audio-decoder-ogg-vorbis: bf7c407c2cedff20999df2af8eb42d56 -> 
========================================================================
Received Import Request.
  Time since last request: 3354.778246 seconds.
  path: Assets/External/EnemyRobots/Materials/MachineGunRobot/Particles/MuzzleFlash.mat
  artifactKey: Guid(e21c90e20eb707748a388e1454928e81) Importer(815301076,1909f56bfc062723c751e8b465ee728b)
Start importing Assets/External/EnemyRobots/Materials/MachineGunRobot/Particles/MuzzleFlash.mat using Guid(e21c90e20eb707748a388e1454928e81) Importer(815301076,1909f56bfc062723c751e8b465ee728b)  -> (artifact id: 'd2b8697d7a7f4bb07a8d3bbffaeb438e') in 0.097893 seconds 
========================================================================
Received Import Request.
  Time since last request: 6.960428 seconds.
  path: Assets/External/EnemyRobots/Materials/CannonMachine
  artifactKey: Guid(6e7ce529afd1f0e40bf4aa4a0f8c757d) Importer(815301076,1909f56bfc062723c751e8b465ee728b)
Start importing Assets/External/EnemyRobots/Materials/CannonMachine using Guid(6e7ce529afd1f0e40bf4aa4a0f8c757d) Importer(815301076,1909f56bfc062723c751e8b465ee728b)  -> (artifact id: '86ab57f292e16694140c5401e9287160') in 0.005982 seconds 
========================================================================
Received Import Request.
  Time since last request: 8.212873 seconds.
  path: Assets/External/EnemyRobots/Materials/Eye/Robot_Eye.mat
  artifactKey: Guid(5e6afd79a5db3c742b1e54011db898ce) Importer(815301076,1909f56bfc062723c751e8b465ee728b)
Start importing Assets/External/EnemyRobots/Materials/Eye/Robot_Eye.mat using Guid(5e6afd79a5db3c742b1e54011db898ce) Importer(815301076,1909f56bfc062723c751e8b465ee728b)  -> (artifact id: 'ccc0802ec80a5bb44002423283efe49e') in 0.093348 seconds 
========================================================================
Received Import Request.
  Time since last request: 1.344420 seconds.
  path: Assets/External/EnemyRobots/Materials/DemoScene/Ground.mat
  artifactKey: Guid(3ba8dc55cdcb9bd4e87e5742bec12623) Importer(815301076,1909f56bfc062723c751e8b465ee728b)
Start importing Assets/External/EnemyRobots/Materials/DemoScene/Ground.mat using Guid(3ba8dc55cdcb9bd4e87e5742bec12623) Importer(815301076,1909f56bfc062723c751e8b465ee728b)  -> (artifact id: 'da2d7f15ae6e8ecd91193e1b33c51dd4') in 0.126622 seconds 
========================================================================
Received Import Request.
  Time since last request: 2.251475 seconds.
  path: Assets/External/EnemyRobots/Materials/CannonMachine/CannonMachine
  artifactKey: Guid(0425c5bad57de2540bd99b51d1fec56e) Importer(815301076,1909f56bfc062723c751e8b465ee728b)
Start importing Assets/External/EnemyRobots/Materials/CannonMachine/CannonMachine using Guid(0425c5bad57de2540bd99b51d1fec56e) Importer(815301076,1909f56bfc062723c751e8b465ee728b)  -> (artifact id: '17c3fb9a55646dab9976044ce792f571') in 0.003492 seconds 
========================================================================
Received Import Request.
  Time since last request: 0.024819 seconds.
  path: Assets/External/EnemyRobots/Materials/CannonMachine/CannonMachine/CannonMachine.mat
  artifactKey: Guid(96b7e938c0c800245b67621dd2d48da8) Importer(815301076,1909f56bfc062723c751e8b465ee728b)
Start importing Assets/External/EnemyRobots/Materials/CannonMachine/CannonMachine/CannonMachine.mat using Guid(96b7e938c0c800245b67621dd2d48da8) Importer(815301076,1909f56bfc062723c751e8b465ee728b)  -> (artifact id: '304878e33186161751c7f7862311c38e') in 0.124851 seconds 
========================================================================
Received Import Request.
  Time since last request: 7.701309 seconds.
  path: Assets/External/EnemyRobots/Textures/Other/Laser.png
  artifactKey: Guid(4c65dce963d6c38468c5f0a33c8e04bd) Importer(815301076,1909f56bfc062723c751e8b465ee728b)
Start importing Assets/External/EnemyRobots/Textures/Other/Laser.png using Guid(4c65dce963d6c38468c5f0a33c8e04bd) Importer(815301076,1909f56bfc062723c751e8b465ee728b)  -> (artifact id: 'b8320e23f6579f5c041ae4687a906c35') in 0.089557 seconds 
========================================================================
Received Import Request.
  Time since last request: 4.515940 seconds.
  path: Assets/External/EnemyRobots/Textures/MachineGunRobot/MachineGun/MachineGunRobot_BaseColor.png
  artifactKey: Guid(ee7cb56d0be9c1d498e3962479ff6923) Importer(815301076,1909f56bfc062723c751e8b465ee728b)
Start importing Assets/External/EnemyRobots/Textures/MachineGunRobot/MachineGun/MachineGunRobot_BaseColor.png using Guid(ee7cb56d0be9c1d498e3962479ff6923) Importer(815301076,1909f56bfc062723c751e8b465ee728b)  -> (artifact id: '117fcf02351d5a4e3c8dc163648c3a86') in 0.033959 seconds 
========================================================================
Received Import Request.
  Time since last request: 0.000030 seconds.
  path: Assets/External/EnemyRobots/Textures/MachineGunRobot/MachineGun/MachineGunRobot_Normal.png
  artifactKey: Guid(db7b0a5c42c5c5043a8918eea7ae9e27) Importer(815301076,1909f56bfc062723c751e8b465ee728b)
Start importing Assets/External/EnemyRobots/Textures/MachineGunRobot/MachineGun/MachineGunRobot_Normal.png using Guid(db7b0a5c42c5c5043a8918eea7ae9e27) Importer(815301076,1909f56bfc062723c751e8b465ee728b)  -> (artifact id: '2234e1eef69c084edd4d704c97e65a9e') in 0.044604 seconds 
========================================================================
Received Import Request.
  Time since last request: 1.148122 seconds.
  path: Assets/External/EnemyRobots/Textures/MachineGunRobot/Particles/FireParticle.png
  artifactKey: Guid(83a0494089203c844bf86c1af4b327d0) Importer(815301076,1909f56bfc062723c751e8b465ee728b)
Start importing Assets/External/EnemyRobots/Textures/MachineGunRobot/Particles/FireParticle.png using Guid(83a0494089203c844bf86c1af4b327d0) Importer(815301076,1909f56bfc062723c751e8b465ee728b)  -> (artifact id: '6b9406b9c1b653fb376846dcb585238f') in 0.013477 seconds 
========================================================================
Received Import Request.
  Time since last request: 4.981550 seconds.
  path: Assets/External/EnemyRobots/Textures/Eye/Robot_Eye_AlbedoTransparency.png
  artifactKey: Guid(825dc82df91713f48b6f5411ef8a81a6) Importer(815301076,1909f56bfc062723c751e8b465ee728b)
Start importing Assets/External/EnemyRobots/Textures/Eye/Robot_Eye_AlbedoTransparency.png using Guid(825dc82df91713f48b6f5411ef8a81a6) Importer(815301076,1909f56bfc062723c751e8b465ee728b)  -> (artifact id: '58991f5dc6c97800fff57d693377ee8a') in 0.016129 seconds 
Editor requested this worker to shutdown with reason: Scaling down because of idle timeout
AssetImportWorker is now disconnected from the server
Process exiting
Exiting without the bug reporter. Application will terminate with return code 0